<?xml version="1.0" encoding="UTF-8"?>
<!-- Generated by org.testng.reporters.JUnitXMLReporter -->
<testsuite ignored="0" hostname="GolovaArtura" failures="0" tests="12" name="Surefire test" time="0.063" errors="0" timestamp="2025-11-10T21:37:49 GMT+05:00">
  <testcase classname="org.example.MainTest" name="testDivisionByZeroThrowsException" time="0.004"/>
  <testcase classname="org.example.MainTest" name="testDivisionWithDataProvider" time="0.005"/>
  <testcase classname="org.example.MainTest" name="testDivisionWithDataProvider" time="0.0"/>
  <testcase classname="org.example.MainTest" name="testDivisionWithDataProvider" time="0.0"/>
  <testcase classname="org.example.MainTest" name="testDivisionWithDataProvider" time="0.0"/>
  <testcase classname="org.example.MainTest" name="testGetElementAtIndexOutOfBounds" time="0.0"/>
  <testcase classname="org.example.MainTest" name="testGetElementAtIndexValid" time="0.001"/>
  <testcase classname="org.example.MainTest" name="testIsPositiveWithNegativeNumber" time="0.0"/>
  <testcase classname="org.example.MainTest" name="testIsPositiveWithPositiveNumber" time="0.001"/>
  <testcase classname="org.example.MainTest" name="testIsPositiveWithZero" time="0.001"/>
  <testcase classname="org.example.MainTest" name="testSubtract" time="0.001"/>
  <testcase classname="org.example.MainTest" name="testSum" time="0.0"/>
</testsuite> <!-- Surefire test -->
