<?xml version="1.0" encoding="UTF-8"?>
<testng-results ignored="0" total="12" passed="12" failed="0" skipped="0">
  <reporter-output>
  </reporter-output>
  <suite started-at="2025-11-10T21:37:49 GMT+05:00" name="Surefire suite" finished-at="2025-11-10T21:37:49 GMT+05:00" duration-ms="63">
    <groups>
      <group name="exception">
        <method signature="MainTest.testDivisionByZeroThrowsException()[pri:0, instance:org.example.MainTest@45f45fa1]" name="testDivisionByZeroThrowsException" class="org.example.MainTest"/>
        <method signature="MainTest.testGetElementAtIndexOutOfBounds()[pri:0, instance:org.example.MainTest@45f45fa1]" name="testGetElementAtIndexOutOfBounds" class="org.example.MainTest"/>
      </group> <!-- exception -->
      <group name="arithmetic">
        <method signature="MainTest.testDivisionWithDataProvider(int,int,int)[pri:0, instance:org.example.MainTest@45f45fa1]" name="testDivisionWithDataProvider" class="org.example.MainTest"/>
        <method signature="MainTest.testGetElementAtIndexValid()[pri:0, instance:org.example.MainTest@45f45fa1]" name="testGetElementAtIndexValid" class="org.example.MainTest"/>
        <method signature="MainTest.testSubtract()[pri:0, instance:org.example.MainTest@45f45fa1]" name="testSubtract" class="org.example.MainTest"/>
        <method signature="MainTest.testSum()[pri:0, instance:org.example.MainTest@45f45fa1]" name="testSum" class="org.example.MainTest"/>
      </group> <!-- arithmetic -->
      <group name="validation">
        <method signature="MainTest.testIsPositiveWithNegativeNumber()[pri:0, instance:org.example.MainTest@45f45fa1]" name="testIsPositiveWithNegativeNumber" class="org.example.MainTest"/>
        <method signature="MainTest.testIsPositiveWithPositiveNumber()[pri:0, instance:org.example.MainTest@45f45fa1]" name="testIsPositiveWithPositiveNumber" class="org.example.MainTest"/>
        <method signature="MainTest.testIsPositiveWithZero()[pri:0, instance:org.example.MainTest@45f45fa1]" name="testIsPositiveWithZero" class="org.example.MainTest"/>
      </group> <!-- validation -->
    </groups>
    <test started-at="2025-11-10T21:37:49 GMT+05:00" name="Surefire test" finished-at="2025-11-10T21:37:49 GMT+05:00" duration-ms="63">
      <class name="org.example.MainTest">
        <test-method signature="testDivisionByZeroThrowsException()[pri:0, instance:org.example.MainTest@45f45fa1]" started-at="2025-11-10T21:37:49 GMT+05:00" name="testDivisionByZeroThrowsException" finished-at="2025-11-10T21:37:49 GMT+05:00" duration-ms="4" status="PASS">
          <exception class="java.lang.IllegalArgumentException">
            <message>
              <![CDATA[Divisor cannot be zero]]>
            </message>
            <full-stacktrace>
              <![CDATA[java.lang.IllegalArgumentException: Divisor cannot be zero
at org.example.Main.divide(Main.java:20)
at org.example.MainTest.testDivisionByZeroThrowsException(MainTest.java:78)
at java.base/jdk.internal.reflect.DirectMethodHandleAccessor.invoke(DirectMethodHandleAccessor.java:104)
at java.base/java.lang.reflect.Method.invoke(Method.java:565)
at org.testng.internal.invokers.MethodInvocationHelper.invokeMethod(MethodInvocationHelper.java:141)
at org.testng.internal.invokers.TestInvoker.invokeMethod(TestInvoker.java:687)
at org.testng.internal.invokers.TestInvoker.invokeTestMethod(TestInvoker.java:230)
at org.testng.internal.invokers.MethodRunner.runInSequence(MethodRunner.java:63)
at org.testng.internal.invokers.TestInvoker$MethodInvocationAgent.invoke(TestInvoker.java:995)
at org.testng.internal.invokers.TestInvoker.invokeTestMethods(TestInvoker.java:203)
at org.testng.internal.invokers.TestMethodWorker.invokeTestMethods(TestMethodWorker.java:154)
at org.testng.internal.invokers.TestMethodWorker.run(TestMethodWorker.java:134)
at java.base/java.util.ArrayList.forEach(ArrayList.java:1604)
at org.testng.TestRunner.privateRun(TestRunner.java:741)
at org.testng.TestRunner.run(TestRunner.java:616)
at org.testng.SuiteRunner.runTest(SuiteRunner.java:421)
at org.testng.SuiteRunner.runSequentially(SuiteRunner.java:413)
at org.testng.SuiteRunner.privateRun(SuiteRunner.java:373)
at org.testng.SuiteRunner.run(SuiteRunner.java:312)
at org.testng.SuiteRunnerWorker.runSuite(SuiteRunnerWorker.java:52)
at org.testng.SuiteRunnerWorker.run(SuiteRunnerWorker.java:95)
at org.testng.TestNG.runSuitesSequentially(TestNG.java:1274)
at org.testng.TestNG.runSuitesLocally(TestNG.java:1208)
at org.testng.TestNG.runSuites(TestNG.java:1112)
at org.testng.TestNG.run(TestNG.java:1079)
at org.apache.maven.surefire.testng.TestNGExecutor.run(TestNGExecutor.java:155)
at org.apache.maven.surefire.testng.TestNGDirectoryTestSuite.executeSingleClass(TestNGDirectoryTestSuite.java:102)
at org.apache.maven.surefire.testng.TestNGDirectoryTestSuite.execute(TestNGDirectoryTestSuite.java:91)
at org.apache.maven.surefire.testng.TestNGProvider.invoke(TestNGProvider.java:137)
at org.apache.maven.surefire.booter.ForkedBooter.runSuitesInProcess(ForkedBooter.java:385)
at org.apache.maven.surefire.booter.ForkedBooter.execute(ForkedBooter.java:162)
at org.apache.maven.surefire.booter.ForkedBooter.run(ForkedBooter.java:507)
at org.apache.maven.surefire.booter.ForkedBooter.main(ForkedBooter.java:495)
]]>
            </full-stacktrace>
          </exception> <!-- java.lang.IllegalArgumentException -->
          <reporter-output>
          </reporter-output>
        </test-method> <!-- testDivisionByZeroThrowsException -->
        <test-method signature="testDivisionWithDataProvider(int,int,int)[pri:0, instance:org.example.MainTest@45f45fa1]" started-at="2025-11-10T21:37:49 GMT+05:00" name="testDivisionWithDataProvider" data-provider="divisionData" finished-at="2025-11-10T21:37:49 GMT+05:00" duration-ms="5" status="PASS">
          <params>
            <param index="0">
              <value>
                <![CDATA[10]]>
              </value>
            </param>
            <param index="1">
              <value>
                <![CDATA[2]]>
              </value>
            </param>
            <param index="2">
              <value>
                <![CDATA[5]]>
              </value>
            </param>
          </params>
          <reporter-output>
          </reporter-output>
        </test-method> <!-- testDivisionWithDataProvider -->
        <test-method signature="testDivisionWithDataProvider(int,int,int)[pri:0, instance:org.example.MainTest@45f45fa1]" started-at="2025-11-10T21:37:49 GMT+05:00" name="testDivisionWithDataProvider" data-provider="divisionData" finished-at="2025-11-10T21:37:49 GMT+05:00" duration-ms="0" status="PASS">
          <params>
            <param index="0">
              <value>
                <![CDATA[15]]>
              </value>
            </param>
            <param index="1">
              <value>
                <![CDATA[3]]>
              </value>
            </param>
            <param index="2">
              <value>
                <![CDATA[5]]>
              </value>
            </param>
          </params>
          <reporter-output>
          </reporter-output>
        </test-method> <!-- testDivisionWithDataProvider -->
        <test-method signature="testDivisionWithDataProvider(int,int,int)[pri:0, instance:org.example.MainTest@45f45fa1]" started-at="2025-11-10T21:37:49 GMT+05:00" name="testDivisionWithDataProvider" data-provider="divisionData" finished-at="2025-11-10T21:37:49 GMT+05:00" duration-ms="0" status="PASS">
          <params>
            <param index="0">
              <value>
                <![CDATA[7]]>
              </value>
            </param>
            <param index="1">
              <value>
                <![CDATA[1]]>
              </value>
            </param>
            <param index="2">
              <value>
                <![CDATA[7]]>
              </value>
            </param>
          </params>
          <reporter-output>
          </reporter-output>
        </test-method> <!-- testDivisionWithDataProvider -->
        <test-method signature="testDivisionWithDataProvider(int,int,int)[pri:0, instance:org.example.MainTest@45f45fa1]" started-at="2025-11-10T21:37:49 GMT+05:00" name="testDivisionWithDataProvider" data-provider="divisionData" finished-at="2025-11-10T21:37:49 GMT+05:00" duration-ms="0" status="PASS">
          <params>
            <param index="0">
              <value>
                <![CDATA[0]]>
              </value>
            </param>
            <param index="1">
              <value>
                <![CDATA[5]]>
              </value>
            </param>
            <param index="2">
              <value>
                <![CDATA[0]]>
              </value>
            </param>
          </params>
          <reporter-output>
          </reporter-output>
        </test-method> <!-- testDivisionWithDataProvider -->
        <test-method signature="testGetElementAtIndexOutOfBounds()[pri:0, instance:org.example.MainTest@45f45fa1]" started-at="2025-11-10T21:37:49 GMT+05:00" name="testGetElementAtIndexOutOfBounds" finished-at="2025-11-10T21:37:49 GMT+05:00" duration-ms="0" status="PASS">
          <exception class="java.lang.ArrayIndexOutOfBoundsException">
            <message>
              <![CDATA[Index is out of bounds]]>
            </message>
            <full-stacktrace>
              <![CDATA[java.lang.ArrayIndexOutOfBoundsException: Index is out of bounds
at org.example.Main.getElementAtIndex(Main.java:28)
at org.example.MainTest.testGetElementAtIndexOutOfBounds(MainTest.java:85)
at java.base/jdk.internal.reflect.DirectMethodHandleAccessor.invoke(DirectMethodHandleAccessor.java:104)
at java.base/java.lang.reflect.Method.invoke(Method.java:565)
at org.testng.internal.invokers.MethodInvocationHelper.invokeMethod(MethodInvocationHelper.java:141)
at org.testng.internal.invokers.TestInvoker.invokeMethod(TestInvoker.java:687)
at org.testng.internal.invokers.TestInvoker.invokeTestMethod(TestInvoker.java:230)
at org.testng.internal.invokers.MethodRunner.runInSequence(MethodRunner.java:63)
at org.testng.internal.invokers.TestInvoker$MethodInvocationAgent.invoke(TestInvoker.java:995)
at org.testng.internal.invokers.TestInvoker.invokeTestMethods(TestInvoker.java:203)
at org.testng.internal.invokers.TestMethodWorker.invokeTestMethods(TestMethodWorker.java:154)
at org.testng.internal.invokers.TestMethodWorker.run(TestMethodWorker.java:134)
at java.base/java.util.ArrayList.forEach(ArrayList.java:1604)
at org.testng.TestRunner.privateRun(TestRunner.java:741)
at org.testng.TestRunner.run(TestRunner.java:616)
at org.testng.SuiteRunner.runTest(SuiteRunner.java:421)
at org.testng.SuiteRunner.runSequentially(SuiteRunner.java:413)
at org.testng.SuiteRunner.privateRun(SuiteRunner.java:373)
at org.testng.SuiteRunner.run(SuiteRunner.java:312)
at org.testng.SuiteRunnerWorker.runSuite(SuiteRunnerWorker.java:52)
at org.testng.SuiteRunnerWorker.run(SuiteRunnerWorker.java:95)
at org.testng.TestNG.runSuitesSequentially(TestNG.java:1274)
at org.testng.TestNG.runSuitesLocally(TestNG.java:1208)
at org.testng.TestNG.runSuites(TestNG.java:1112)
at org.testng.TestNG.run(TestNG.java:1079)
at org.apache.maven.surefire.testng.TestNGExecutor.run(TestNGExecutor.java:155)
at org.apache.maven.surefire.testng.TestNGDirectoryTestSuite.executeSingleClass(TestNGDirectoryTestSuite.java:102)
at org.apache.maven.surefire.testng.TestNGDirectoryTestSuite.execute(TestNGDirectoryTestSuite.java:91)
at org.apache.maven.surefire.testng.TestNGProvider.invoke(TestNGProvider.java:137)
at org.apache.maven.surefire.booter.ForkedBooter.runSuitesInProcess(ForkedBooter.java:385)
at org.apache.maven.surefire.booter.ForkedBooter.execute(ForkedBooter.java:162)
at org.apache.maven.surefire.booter.ForkedBooter.run(ForkedBooter.java:507)
at org.apache.maven.surefire.booter.ForkedBooter.main(ForkedBooter.java:495)
]]>
            </full-stacktrace>
          </exception> <!-- java.lang.ArrayIndexOutOfBoundsException -->
          <reporter-output>
          </reporter-output>
        </test-method> <!-- testGetElementAtIndexOutOfBounds -->
        <test-method signature="testGetElementAtIndexValid()[pri:0, instance:org.example.MainTest@45f45fa1]" started-at="2025-11-10T21:37:49 GMT+05:00" name="testGetElementAtIndexValid" finished-at="2025-11-10T21:37:49 GMT+05:00" duration-ms="1" status="PASS">
          <reporter-output>
          </reporter-output>
        </test-method> <!-- testGetElementAtIndexValid -->
        <test-method signature="testIsPositiveWithNegativeNumber()[pri:0, instance:org.example.MainTest@45f45fa1]" started-at="2025-11-10T21:37:49 GMT+05:00" name="testIsPositiveWithNegativeNumber" finished-at="2025-11-10T21:37:49 GMT+05:00" duration-ms="0" status="PASS">
          <reporter-output>
          </reporter-output>
        </test-method> <!-- testIsPositiveWithNegativeNumber -->
        <test-method signature="testIsPositiveWithPositiveNumber()[pri:0, instance:org.example.MainTest@45f45fa1]" started-at="2025-11-10T21:37:49 GMT+05:00" name="testIsPositiveWithPositiveNumber" finished-at="2025-11-10T21:37:49 GMT+05:00" duration-ms="1" status="PASS">
          <reporter-output>
          </reporter-output>
        </test-method> <!-- testIsPositiveWithPositiveNumber -->
        <test-method signature="testIsPositiveWithZero()[pri:0, instance:org.example.MainTest@45f45fa1]" started-at="2025-11-10T21:37:49 GMT+05:00" name="testIsPositiveWithZero" finished-at="2025-11-10T21:37:49 GMT+05:00" duration-ms="1" status="PASS">
          <reporter-output>
          </reporter-output>
        </test-method> <!-- testIsPositiveWithZero -->
        <test-method signature="testSubtract()[pri:0, instance:org.example.MainTest@45f45fa1]" started-at="2025-11-10T21:37:49 GMT+05:00" name="testSubtract" finished-at="2025-11-10T21:37:49 GMT+05:00" duration-ms="1" status="PASS">
          <reporter-output>
          </reporter-output>
        </test-method> <!-- testSubtract -->
        <test-method signature="testSum()[pri:0, instance:org.example.MainTest@45f45fa1]" started-at="2025-11-10T21:37:49 GMT+05:00" name="testSum" finished-at="2025-11-10T21:37:49 GMT+05:00" duration-ms="0" status="PASS">
          <reporter-output>
          </reporter-output>
        </test-method> <!-- testSum -->
      </class> <!-- org.example.MainTest -->
    </test> <!-- Surefire test -->
  </suite> <!-- Surefire suite -->
</testng-results>
